<?xml version="1.0" encoding="UTF-8"?>
<!-- Generated by org.testng.reporters.JUnitReportReporter -->
<testsuite skipped="0" hostname="AA-PC" name="p2.ClassB" tests="3" failures="0" timestamp="2020-03-09T13:12:15 IST" time="0.011" errors="0">
  <testcase name="tc004" time="0.003" classname="p2.ClassB"/>
  <system-out/>
  <testcase name="tc005" time="0.005" classname="p2.ClassB"/>
  <system-out/>
  <testcase name="tc006" time="0.003" classname="p2.ClassB"/>
  <system-out/>
</testsuite> <!-- p2.ClassB -->
