<?xml version="1.0" encoding="UTF-8"?>
<!-- Generated by org.testng.reporters.JUnitReportReporter -->
<testsuite skipped="0" hostname="AA-PC" name="p1.ClassA" tests="3" failures="0" timestamp="2020-03-09T13:12:15 IST" time="0.017" errors="0">
  <testcase name="tc002" time="0.002" classname="p1.ClassA"/>
  <system-out/>
  <testcase name="tc001" time="0.010" classname="p1.ClassA"/>
  <system-out/>
  <testcase name="tc003" time="0.005" classname="p1.ClassA"/>
  <system-out/>
</testsuite> <!-- p1.ClassA -->
